This is pdfTeX, Version 3.14159265-2.6-1.40.16 (TeX Live 2015/Debian) (preloaded format=pdflatex 2016.10.10)  7 DEC 2016 00:03
entering extended mode
 restricted \write18 enabled.
 %&-line parsing enabled.
**Trabalho_Modelagem.tex
(./Trabalho_Modelagem.tex
LaTeX2e <2016/02/01>
Babel <3.9q> and hyphenation patterns for 3 language(s) loaded.
(/usr/share/texlive/texmf-dist/tex/latex/base/article.cls
Document Class: article 2014/09/29 v1.4h Standard LaTeX document class
(/usr/share/texlive/texmf-dist/tex/latex/base/size11.clo
File: size11.clo 2014/09/29 v1.4h Standard LaTeX file (size option)
)
\c@part=\count79
\c@section=\count80
\c@subsection=\count81
\c@subsubsection=\count82
\c@paragraph=\count83
\c@subparagraph=\count84
\c@figure=\count85
\c@table=\count86
\abovecaptionskip=\skip41
\belowcaptionskip=\skip42
\bibindent=\dimen102
)
(/usr/share/texlive/texmf-dist/tex/latex/graphics/graphicx.sty
Package: graphicx 2014/10/28 v1.0g Enhanced LaTeX Graphics (DPC,SPQR)

(/usr/share/texlive/texmf-dist/tex/latex/graphics/keyval.sty
Package: keyval 2014/10/28 v1.15 key=value parser (DPC)
\KV@toks@=\toks14
)
(/usr/share/texlive/texmf-dist/tex/latex/graphics/graphics.sty
Package: graphics 2016/01/03 v1.0q Standard LaTeX Graphics (DPC,SPQR)

(/usr/share/texlive/texmf-dist/tex/latex/graphics/trig.sty
Package: trig 2016/01/03 v1.10 sin cos tan (DPC)
)
(/usr/share/texlive/texmf-dist/tex/latex/latexconfig/graphics.cfg
File: graphics.cfg 2010/04/23 v1.9 graphics configuration of TeX Live
)
Package graphics Info: Driver file: pdftex.def on input line 95.

(/usr/share/texlive/texmf-dist/tex/latex/pdftex-def/pdftex.def
File: pdftex.def 2011/05/27 v0.06d Graphics/color for pdfTeX

(/usr/share/texlive/texmf-dist/tex/generic/oberdiek/infwarerr.sty
Package: infwarerr 2010/04/08 v1.3 Providing info/warning/error messages (HO)
)
(/usr/share/texlive/texmf-dist/tex/generic/oberdiek/ltxcmds.sty
Package: ltxcmds 2011/11/09 v1.22 LaTeX kernel commands for general use (HO)
)
\Gread@gobject=\count87
))
\Gin@req@height=\dimen103
\Gin@req@width=\dimen104
)
(/usr/share/texlive/texmf-dist/tex/latex/base/inputenc.sty
Package: inputenc 2015/03/17 v1.2c Input encoding file
\inpenc@prehook=\toks15
\inpenc@posthook=\toks16

(/usr/share/texlive/texmf-dist/tex/latex/ucs/utf8x.def
File: utf8x.def 2004/10/17 UCS: Input encoding UTF-8
))
(/usr/share/texlive/texmf-dist/tex/latex/ucs/ucs.sty
Package: ucs 2013/05/11 v2.2 UCS: Unicode input support

(/usr/share/texlive/texmf-dist/tex/latex/ucs/data/uni-global.def
File: uni-global.def 2013/05/13 UCS: Unicode global data
)
\uc@secondtry=\count88
\uc@combtoks=\toks17
\uc@combtoksb=\toks18
\uc@temptokena=\toks19
)
(/usr/share/texlive/texmf-dist/tex/latex/base/fontenc.sty
Package: fontenc 2005/09/27 v1.99g Standard LaTeX package

(/usr/share/texlive/texmf-dist/tex/latex/base/t1enc.def
File: t1enc.def 2005/09/27 v1.99g Standard LaTeX file
LaTeX Font Info:    Redeclaring font encoding T1 on input line 48.
))
(/usr/share/texlive/texmf-dist/tex/latex/blindtext/blindtext.sty
Package: blindtext 2012/01/06 V2.0 blindtext-Package

(/usr/share/texlive/texmf-dist/tex/latex/tools/xspace.sty
Package: xspace 2014/10/28 v1.13 Space after command names (DPC,MH)
)
\c@blindtext=\count89
\c@Blindtext=\count90
\c@blind@countparstart=\count91
\blind@countxx=\count92
\blindtext@numBlindtext=\count93
\blind@countyy=\count94
\c@blindlist=\count95
\c@blindlistlevel=\count96
\c@blindlist@level=\count97
\blind@listitem=\count98
\c@blind@listcount=\count99
\c@blind@levelcount=\count100
\blind@mathformula=\count101
\blind@Mathformula=\count102
\c@blind@randomcount=\count103
\c@blind@randommax=\count104
\c@blind@pangramcount=\count105
\c@blind@pangrammax=\count106
)
(/usr/share/texlive/texmf-dist/tex/latex/enumitem/enumitem.sty
Package: enumitem 2011/09/28 v3.5.2 Customized lists
\labelindent=\skip43
\enit@outerparindent=\dimen105
\enit@toks=\toks20
\enit@inbox=\box26
\enitdp@description=\count107
)
(/usr/share/texlive/texmf-dist/tex/latex/hyperref/hyperref.sty
Package: hyperref 2012/11/06 v6.83m Hypertext links for LaTeX

(/usr/share/texlive/texmf-dist/tex/generic/oberdiek/hobsub-hyperref.sty
Package: hobsub-hyperref 2012/05/28 v1.13 Bundle oberdiek, subset hyperref (HO)


(/usr/share/texlive/texmf-dist/tex/generic/oberdiek/hobsub-generic.sty
Package: hobsub-generic 2012/05/28 v1.13 Bundle oberdiek, subset generic (HO)
Package: hobsub 2012/05/28 v1.13 Construct package bundles (HO)
Package hobsub Info: Skipping package `infwarerr' (already loaded).
Package hobsub Info: Skipping package `ltxcmds' (already loaded).
Package: ifluatex 2010/03/01 v1.3 Provides the ifluatex switch (HO)
Package ifluatex Info: LuaTeX not detected.
Package: ifvtex 2010/03/01 v1.5 Detect VTeX and its facilities (HO)
Package ifvtex Info: VTeX not detected.
Package: intcalc 2007/09/27 v1.1 Expandable calculations with integers (HO)
Package: ifpdf 2011/01/30 v2.3 Provides the ifpdf switch (HO)
Package ifpdf Info: pdfTeX in PDF mode is detected.
Package: etexcmds 2011/02/16 v1.5 Avoid name clashes with e-TeX commands (HO)
Package etexcmds Info: Could not find \expanded.
(etexcmds)             That can mean that you are not using pdfTeX 1.50 or
(etexcmds)             that some package has redefined \expanded.
(etexcmds)             In the latter case, load this package earlier.
Package: kvsetkeys 2012/04/25 v1.16 Key value parser (HO)
Package: kvdefinekeys 2011/04/07 v1.3 Define keys (HO)
Package: pdftexcmds 2011/11/29 v0.20 Utility functions of pdfTeX for LuaTeX (HO
)
Package pdftexcmds Info: LuaTeX not detected.
Package pdftexcmds Info: \pdf@primitive is available.
Package pdftexcmds Info: \pdf@ifprimitive is available.
Package pdftexcmds Info: \pdfdraftmode found.
Package: pdfescape 2011/11/25 v1.13 Implements pdfTeX's escape features (HO)
Package: bigintcalc 2012/04/08 v1.3 Expandable calculations on big integers (HO
)
Package: bitset 2011/01/30 v1.1 Handle bit-vector datatype (HO)
Package: uniquecounter 2011/01/30 v1.2 Provide unlimited unique counter (HO)
)
Package hobsub Info: Skipping package `hobsub' (already loaded).
Package: letltxmacro 2010/09/02 v1.4 Let assignment for LaTeX macros (HO)
Package: hopatch 2012/05/28 v1.2 Wrapper for package hooks (HO)
Package: xcolor-patch 2011/01/30 xcolor patch
Package: atveryend 2011/06/30 v1.8 Hooks at the very end of document (HO)
Package atveryend Info: \enddocument detected (standard20110627).
Package: atbegshi 2011/10/05 v1.16 At begin shipout hook (HO)
Package: refcount 2011/10/16 v3.4 Data extraction from label references (HO)
Package: hycolor 2011/01/30 v1.7 Color options for hyperref/bookmark (HO)
)
(/usr/share/texlive/texmf-dist/tex/generic/ifxetex/ifxetex.sty
Package: ifxetex 2010/09/12 v0.6 Provides ifxetex conditional
)
(/usr/share/texlive/texmf-dist/tex/latex/oberdiek/auxhook.sty
Package: auxhook 2011/03/04 v1.3 Hooks for auxiliary files (HO)
)
(/usr/share/texlive/texmf-dist/tex/latex/oberdiek/kvoptions.sty
Package: kvoptions 2011/06/30 v3.11 Key value format for package options (HO)
)
\@linkdim=\dimen106
\Hy@linkcounter=\count108
\Hy@pagecounter=\count109

(/usr/share/texlive/texmf-dist/tex/latex/hyperref/pd1enc.def
File: pd1enc.def 2012/11/06 v6.83m Hyperref: PDFDocEncoding definition (HO)
)
\Hy@SavedSpaceFactor=\count110

(/usr/share/texlive/texmf-dist/tex/latex/latexconfig/hyperref.cfg
File: hyperref.cfg 2002/06/06 v1.2 hyperref configuration of TeXLive
)
Package hyperref Info: Hyper figures OFF on input line 4443.
Package hyperref Info: Link nesting OFF on input line 4448.
Package hyperref Info: Hyper index ON on input line 4451.
Package hyperref Info: Plain pages OFF on input line 4458.
Package hyperref Info: Backreferencing OFF on input line 4463.
Package hyperref Info: Implicit mode ON; LaTeX internals redefined.
Package hyperref Info: Bookmarks ON on input line 4688.
\c@Hy@tempcnt=\count111

(/usr/share/texlive/texmf-dist/tex/latex/url/url.sty
\Urlmuskip=\muskip10
Package: url 2013/09/16  ver 3.4  Verb mode for urls, etc.
)
LaTeX Info: Redefining \url on input line 5041.
\XeTeXLinkMargin=\dimen107
\Fld@menulength=\count112
\Field@Width=\dimen108
\Fld@charsize=\dimen109
Package hyperref Info: Hyper figures OFF on input line 6295.
Package hyperref Info: Link nesting OFF on input line 6300.
Package hyperref Info: Hyper index ON on input line 6303.
Package hyperref Info: backreferencing OFF on input line 6310.
Package hyperref Info: Link coloring OFF on input line 6315.
Package hyperref Info: Link coloring with OCG OFF on input line 6320.
Package hyperref Info: PDF/A mode OFF on input line 6325.
LaTeX Info: Redefining \ref on input line 6365.
LaTeX Info: Redefining \pageref on input line 6369.
\Hy@abspage=\count113
\c@Item=\count114
\c@Hfootnote=\count115
)

Package hyperref Message: Driver (autodetected): hpdftex.

(/usr/share/texlive/texmf-dist/tex/latex/hyperref/hpdftex.def
File: hpdftex.def 2012/11/06 v6.83m Hyperref driver for pdfTeX
\Fld@listcount=\count116
\c@bookmark@seq@number=\count117

(/usr/share/texlive/texmf-dist/tex/latex/oberdiek/rerunfilecheck.sty
Package: rerunfilecheck 2011/04/15 v1.7 Rerun checks for auxiliary files (HO)
Package uniquecounter Info: New unique counter `rerunfilecheck' on input line 2
82.
)
\Hy@SectionHShift=\skip44
)
(/usr/share/texlive/texmf-dist/tex/latex/multirow/multirow.sty
\bigstrutjot=\dimen110
)
(/usr/share/texlive/texmf-dist/tex/latex/oberdiek/pdflscape.sty
Package: pdflscape 2008/08/11 v0.10 Display of landscape pages in PDF (HO)

(/usr/share/texlive/texmf-dist/tex/latex/graphics/lscape.sty
Package: lscape 2000/10/22 v3.01 Landscape Pages (DPC)
)
Package pdflscape Info: Auto-detected driver: pdftex on input line 80.
)
(/usr/share/texlive/texmf-dist/tex/latex/tools/afterpage.sty
Package: afterpage 2014/10/28 v1.08 After-Page Package (DPC)
\AP@output=\toks21
\AP@partial=\box27
\AP@footins=\box28
)
(/usr/share/texlive/texmf-dist/tex/latex/capt-of/capt-of.sty
Package: capt-of 2009/12/29 v0.2 standard captions outside of floats
)
(/usr/share/texlive/texmf-dist/tex/latex/lipsum/lipsum.sty
Package: lipsum 2014/07/27 v1.3 150 paragraphs of Lorem Ipsum dummy text
\c@lips@count=\count118
)
(/usr/share/texlive/texmf-dist/tex/latex/xcolor/xcolor.sty
Package: xcolor 2007/01/21 v2.11 LaTeX color extensions (UK)

(/usr/share/texlive/texmf-dist/tex/latex/latexconfig/color.cfg
File: color.cfg 2007/01/18 v1.5 color configuration of teTeX/TeXLive
)
Package xcolor Info: Driver file: pdftex.def on input line 225.

(/usr/share/texlive/texmf-dist/tex/latex/colortbl/colortbl.sty
Package: colortbl 2012/02/13 v1.0a Color table columns (DPC)

(/usr/share/texlive/texmf-dist/tex/latex/tools/array.sty
Package: array 2014/10/28 v2.4c Tabular extension package (FMi)
\col@sep=\dimen111
\extrarowheight=\dimen112
\NC@list=\toks22
\extratabsurround=\skip45
\backup@length=\skip46
)
\everycr=\toks23
\minrowclearance=\skip47
)
\rownum=\count119
Package xcolor Info: Model `cmy' substituted by `cmy0' on input line 1337.
Package xcolor Info: Model `hsb' substituted by `rgb' on input line 1341.
Package xcolor Info: Model `RGB' extended on input line 1353.
Package xcolor Info: Model `HTML' substituted by `rgb' on input line 1355.
Package xcolor Info: Model `Hsb' substituted by `hsb' on input line 1356.
Package xcolor Info: Model `tHsb' substituted by `hsb' on input line 1357.
Package xcolor Info: Model `HSB' substituted by `hsb' on input line 1358.
Package xcolor Info: Model `Gray' substituted by `gray' on input line 1359.
Package xcolor Info: Model `wave' substituted by `hsb' on input line 1360.
)
(/usr/share/texlive/texmf-dist/tex/latex/appendix/appendix.sty
Package: appendix 2009/09/02 v1.2b extra appendix facilities
\c@@pps=\count120
\c@@ppsavesec=\count121
\c@@ppsaveapp=\count122
)
(/usr/share/texlive/texmf-dist/tex/latex/float/float.sty
Package: float 2001/11/08 v1.3d Float enhancements (AL)
\c@float@type=\count123
\float@exts=\toks24
\float@box=\box29
\@float@everytoks=\toks25
\@floatcapt=\box30
)
(./Trabalho_Modelagem.aux

LaTeX Warning: Label `figura:atendimento_de_erro_to_be' multiply defined.


LaTeX Warning: Label `figura:atendimento_requisicao_as_is' multiply defined.


LaTeX Warning: Label `figura:atendimento_requisicao_to_be' multiply defined.


LaTeX Warning: Label `figura:suporte_tecnico_as_is' multiply defined.


LaTeX Warning: Label `figura:suporte_tecnico_to_be' multiply defined.


LaTeX Warning: Label `figura:atendimento_de_erro_as_is' multiply defined.


LaTeX Warning: Label `figura:atendimento_de_erro_to_be' multiply defined.


LaTeX Warning: Label `figura:atendimento_de_melhoria_as_is' multiply defined.


LaTeX Warning: Label `figura:atendimento_de_erro_to_be' multiply defined.


LaTeX Warning: Label `my-label' multiply defined.


LaTeX Warning: Label `my-label' multiply defined.


LaTeX Warning: Label `my-label' multiply defined.

)
\openout1 = `Trabalho_Modelagem.aux'.

LaTeX Font Info:    Checking defaults for OML/cmm/m/it on input line 20.
LaTeX Font Info:    ... okay on input line 20.
LaTeX Font Info:    Checking defaults for T1/cmr/m/n on input line 20.
LaTeX Font Info:    ... okay on input line 20.
LaTeX Font Info:    Checking defaults for OT1/cmr/m/n on input line 20.
LaTeX Font Info:    ... okay on input line 20.
LaTeX Font Info:    Checking defaults for OMS/cmsy/m/n on input line 20.
LaTeX Font Info:    ... okay on input line 20.
LaTeX Font Info:    Checking defaults for OMX/cmex/m/n on input line 20.
LaTeX Font Info:    ... okay on input line 20.
LaTeX Font Info:    Checking defaults for U/cmr/m/n on input line 20.
LaTeX Font Info:    ... okay on input line 20.
LaTeX Font Info:    Checking defaults for PD1/pdf/m/n on input line 20.
LaTeX Font Info:    ... okay on input line 20.
 (/usr/share/texlive/texmf-dist/tex/context/base/supp-pdf.mkii
[Loading MPS to PDF converter (version 2006.09.02).]
\scratchcounter=\count124
\scratchdimen=\dimen113
\scratchbox=\box31
\nofMPsegments=\count125
\nofMParguments=\count126
\everyMPshowfont=\toks26
\MPscratchCnt=\count127
\MPscratchDim=\dimen114
\MPnumerator=\count128
\makeMPintoPDFobject=\count129
\everyMPtoPDFconversion=\toks27
) (/usr/share/texlive/texmf-dist/tex/latex/oberdiek/epstopdf-base.sty
Package: epstopdf-base 2010/02/09 v2.5 Base part for package epstopdf

(/usr/share/texlive/texmf-dist/tex/latex/oberdiek/grfext.sty
Package: grfext 2010/08/19 v1.1 Manage graphics extensions (HO)
)
Package grfext Info: Graphics extension search list:
(grfext)             [.png,.pdf,.jpg,.mps,.jpeg,.jbig2,.jb2,.PNG,.PDF,.JPG,.JPE
G,.JBIG2,.JB2,.eps]
(grfext)             \AppendGraphicsExtensions on input line 452.

(/usr/share/texlive/texmf-dist/tex/latex/latexconfig/epstopdf-sys.cfg
File: epstopdf-sys.cfg 2010/07/13 v1.3 Configuration of (r)epstopdf for TeX Liv
e
))
(/usr/share/texlive/texmf-dist/tex/latex/ucs/ucsencs.def
File: ucsencs.def 2011/01/21 Fixes to fontencodings LGR, T3
)
\AtBeginShipoutBox=\box32
Package hyperref Info: Link coloring OFF on input line 20.

(/usr/share/texlive/texmf-dist/tex/latex/hyperref/nameref.sty
Package: nameref 2012/10/27 v2.43 Cross-referencing by name of section

(/usr/share/texlive/texmf-dist/tex/generic/oberdiek/gettitlestring.sty
Package: gettitlestring 2010/12/03 v1.4 Cleanup title references (HO)
)
\c@section@level=\count130
)
LaTeX Info: Redefining \ref on input line 20.
LaTeX Info: Redefining \pageref on input line 20.
LaTeX Info: Redefining \nameref on input line 20.

(./Trabalho_Modelagem.out) (./Trabalho_Modelagem.out)
\@outlinefile=\write3
\openout3 = `Trabalho_Modelagem.out'.


(/usr/share/texlive/texmf-dist/tex/latex/ucs/data/uni-0.def
File: uni-0.def 2013/05/13 UCS: Unicode data U+0000..U+00FF
) [1

{/var/lib/texmf/fonts/map/pdftex/updmap/pdftex.map}] (./Trabalho_Modelagem.toc
LaTeX Font Info:    External font `cmex10' loaded for size
(Font)              <10.95> on input line 2.
LaTeX Font Info:    External font `cmex10' loaded for size
(Font)              <8> on input line 2.
LaTeX Font Info:    External font `cmex10' loaded for size
(Font)              <6> on input line 2.
pdfTeX warning (ext4): destination with the same identifier (name{page.1}) has 
been already used, duplicate ignored
<to be read again> 
                   \relax 
l.39 ...a}o entre as modelagens}{23}{Appendix.1.A}
                                                   [1])
\tf@toc=\write4
\openout4 = `Trabalho_Modelagem.toc'.


(./Trabalho_Modelagem.lof)
\tf@lof=\write5
\openout5 = `Trabalho_Modelagem.lof'.

 (./Trabalho_Modelagem.lot)
\tf@lot=\write6
\openout6 = `Trabalho_Modelagem.lot'.

 [2] (./contexto.tex)
(./informacaoAdicional.tex [3

]
LaTeX Font Info:    Try loading font information for OMS+cmr on input line 21.

(/usr/share/texlive/texmf-dist/tex/latex/base/omscmr.fd
File: omscmr.fd 2014/09/29 v2.5h Standard LaTeX font definitions
)
LaTeX Font Info:    Font shape `OMS/cmr/m/n' in size <10.95> not available
(Font)              Font shape `OMS/cmsy/m/n' tried instead on input line 21.
)
(./execucao_do_projeto.tex [4]) (./definicao_do_problema.tex
<fishbone.png, id=315, 1281.78876pt x 720.6925pt>
File: fishbone.png Graphic file (type png)
 <use fishbone.png>
Package pdftex.def Info: fishbone.png used on input line 6.
(pdftex.def)             Requested size: 426.79134pt x 239.96265pt.

Overfull \hbox (66.79134pt too wide) in paragraph at lines 6--8
 [][] 
 []


Package hyperref Warning: Difference (2) between bookmark levels is greater 
(hyperref)                than one, level fixed on input line 33.

[5pdfTeX warning (ext4): destination with the same identifier (name{figure.1}) 
has been already used, duplicate ignored

\AtBegShi@Output ...ipout \box \AtBeginShipoutBox 
                                                  \fi \fi 
l.36  \item F
             ormalizar o processo atual <./fishbone.png>]) (./as_is.tex
<as-is/01_atendimento_de_requisicao.png, id=320, 1036.87375pt x 577.15625pt>
File: as-is/01_atendimento_de_requisicao.png Graphic file (type png)

<use as-is/01_atendimento_de_requisicao.png>
Package pdftex.def Info: as-is/01_atendimento_de_requisicao.png used on input l
ine 12.
(pdftex.def)             Requested size: 426.79134pt x 237.56909pt.

Overfull \hbox (66.79134pt too wide) in paragraph at lines 12--14
 [][] 
 []


LaTeX Warning: `!h' float specifier changed to `!ht'.

[6] <as-is/02_atendimento_tecnico.png, id=327, 800.9925pt x 329.23pt>
File: as-is/02_atendimento_tecnico.png Graphic file (type png)

<use as-is/02_atendimento_tecnico.png>
Package pdftex.def Info: as-is/02_atendimento_tecnico.png used on input line 49
.
(pdftex.def)             Requested size: 426.79134pt x 175.42546pt.

Overfull \hbox (66.79134pt too wide) in paragraph at lines 49--51
 [][] 
 []


LaTeX Warning: `!h' float specifier changed to `!ht'.

<as-is/03_atendimento_de_erro.png, id=328, 1082.0425pt x 370.38374pt>
File: as-is/03_atendimento_de_erro.png Graphic file (type png)

<use as-is/03_atendimento_de_erro.png>
Package pdftex.def Info: as-is/03_atendimento_de_erro.png used on input line 68
.
(pdftex.def)             Requested size: 455.24725pt x 142.2619pt.

Overfull \hbox (95.24725pt too wide) in paragraph at lines 68--70
 [][] 
 []


LaTeX Warning: `!h' float specifier changed to `!ht'.

[7pdfTeX warning (ext4): destination with the same identifier (name{figure.2}) 
has been already used, duplicate ignored

\AtBegShi@Output ...ipout \box \AtBeginShipoutBox 
                                                  \fi \fi 
l.87 			\item I
               ndica a melhor solução para o problema <./as-is/01_atendimento
_de_requisicao.png>] [8pdfTeX warning (ext4): destination with the same identif
ier (name{figure.3}) has been already used, duplicate ignored

\AtBegShi@Output ...ipout \box \AtBeginShipoutBox 
                                                  \fi \fi 
l.102 \clearpage
                pdfTeX warning (ext4): destination with the same identifier (na
me{figure.4}) has been already used, duplicate ignored

\AtBegShi@Output ...ipout \box \AtBeginShipoutBox 
                                                  \fi \fi 
l.102 \clearpage
                 <./as-is/02_atendimento_tecnico.png> <./as-is/03_atendimento_d
e_erro.png>]
<as-is/04_atendimento_de_melhoria.png, id=337, 881.2925pt x 404.51125pt>
File: as-is/04_atendimento_de_melhoria.png Graphic file (type png)

<use as-is/04_atendimento_de_melhoria.png>
Package pdftex.def Info: as-is/04_atendimento_de_melhoria.png used on input lin
e 108.
(pdftex.def)             Requested size: 426.79134pt x 195.89761pt.

Overfull \hbox (66.79134pt too wide) in paragraph at lines 108--110
 [][] 
 []

) (./padroes_e_normas.tex [9

pdfTeX warning (ext4): destination with the same identifier (name{figure.5}) ha
s been already used, duplicate ignored

\AtBegShi@Output ...ipout \box \AtBeginShipoutBox 
                                                  \fi \fi 
l.9   \item D
             esenho de Serviço <./as-is/04_atendimento_de_melhoria.png>]
(/usr/share/texlive/texmf-dist/tex/latex/ucs/data/uni-32.def
File: uni-32.def 2013/05/13 UCS: Unicode data U+2000..U+20FF
)
Underfull \hbox (badness 10000) in paragraph at lines 58--63

 []

[10]
<itil_images/gerenciamento_de_incidentes.png, id=350, 912.40875pt x 545.03625pt
>
File: itil_images/gerenciamento_de_incidentes.png Graphic file (type png)
 <use itil_images/gerenciamento_de_incidentes.png>
Package pdftex.def Info: itil_images/gerenciamento_de_incidentes.png used on in
put line 101.
(pdftex.def)             Requested size: 426.79134pt x 254.94453pt.

Overfull \hbox (66.79134pt too wide) in paragraph at lines 101--103
 [][] 
 []


LaTeX Warning: `!h' float specifier changed to `!ht'.

[11]
<itil_images/gerenciamento_de_problema.png, id=356, 878.28125pt x 589.20125pt>
File: itil_images/gerenciamento_de_problema.png Graphic file (type png)

<use itil_images/gerenciamento_de_problema.png>
Package pdftex.def Info: itil_images/gerenciamento_de_problema.png used on inpu
t line 137.
(pdftex.def)             Requested size: 426.79134pt x 286.31966pt.

Overfull \hbox (66.79134pt too wide) in paragraph at lines 137--139
 [][] 
 []


LaTeX Warning: `!h' float specifier changed to `!ht'.

[12pdfTeX warning (ext4): destination with the same identifier (name{figure.6})
 has been already used, duplicate ignored

\AtBegShi@Output ...ipout \box \AtBeginShipoutBox 
                                                  \fi \fi 
l.145 	\item {
              \bfseries Base de Dados de Erros Conhecidos (Know Error Databa...
 <./itil_images/gerenciamento_de_incidentes.png>] [13pdfTeX warning (ext4): des
tination with the same identifier (name{figure.7}) has been already used, dupli
cate ignored

\AtBegShi@Output ...ipout \box \AtBeginShipoutBox 
                                                  \fi \fi 
l.162 
       <./itil_images/gerenciamento_de_problema.png (PNG copy)>]
<itil_images/gerenciamento_de_acesso.png, id=367, 749.80125pt x 307.1475pt>
File: itil_images/gerenciamento_de_acesso.png Graphic file (type png)

<use itil_images/gerenciamento_de_acesso.png>
Package pdftex.def Info: itil_images/gerenciamento_de_acesso.png used on input 
line 166.
(pdftex.def)             Requested size: 426.79134pt x 174.83218pt.

Overfull \hbox (66.79134pt too wide) in paragraph at lines 166--168
 [][] 
 []

<itil_images/execucao_de_requisicao.png, id=368, 948.54375pt x 568.1225pt>
File: itil_images/execucao_de_requisicao.png Graphic file (type png)

<use itil_images/execucao_de_requisicao.png>
Package pdftex.def Info: itil_images/execucao_de_requisicao.png used on input l
ine 195.
(pdftex.def)             Requested size: 426.79134pt x 255.61807pt.

Overfull \hbox (66.79134pt too wide) in paragraph at lines 195--197
 [][] 
 []


LaTeX Warning: `!h' float specifier changed to `!ht'.

) (./to_be.tex [14pdfTeX warning (ext4): destination with the same identifier (
name{figure.8}) has been already used, duplicate ignored

\AtBegShi@Output ...ipout \box \AtBeginShipoutBox 
                                                  \fi \fi 
l.8 
     <./itil_images/gerenciamento_de_acesso.png>] [15pdfTeX warning (ext4): des
tination with the same identifier (name{figure.9}) has been already used, dupli
cate ignored

\AtBegShi@Output ...ipout \box \AtBeginShipoutBox 
                                                  \fi \fi 
l.27 		\item M
              onitoramento de performace \\ <./itil_images/execucao_de_requisic
ao.png (PNG copy)>]
Underfull \hbox (badness 10000) in paragraph at lines 27--28

 []

[16]

LaTeX Warning: No positions in optional float specifier.
               Default added (so using `tbp') on input line 53.

[17pdfTeX warning (ext4): destination with the same identifier (name{table.1}) 
has been already used, duplicate ignored

\AtBegShi@Output ...ipout \box \AtBeginShipoutBox 
                                                  \fi \fi 
l.73     \end{landscape}
                        ]
<to_be/01_atendimento_de_requisicao.png, id=387, 1219.55624pt x 544.0325pt>
File: to_be/01_atendimento_de_requisicao.png Graphic file (type png)

<use to_be/01_atendimento_de_requisicao.png>
Package pdftex.def Info: to_be/01_atendimento_de_requisicao.png used on input l
ine 81.
(pdftex.def)             Requested size: 426.79134pt x 190.38931pt.

Overfull \hbox (66.79134pt too wide) in paragraph at lines 81--83
 [][] 
 []

<to_be/02_atendimento_tecnico.png, id=388, 1435.3625pt x 359.3425pt>
File: to_be/02_atendimento_tecnico.png Graphic file (type png)

<use to_be/02_atendimento_tecnico.png>
Package pdftex.def Info: to_be/02_atendimento_tecnico.png used on input line 12
0.
(pdftex.def)             Requested size: 426.79134pt x 106.84402pt.

Overfull \hbox (66.79134pt too wide) in paragraph at lines 120--122
 [][] 
 []


LaTeX Warning: `!h' float specifier changed to `!ht'.

[18




pdfTeX warning (ext4): destination with the same identifier (name{figure.10}) h
as been already used, duplicate ignored

\AtBegShi@Output ...ipout \box \AtBeginShipoutBox 
                                                  \fi \fi 
l.131 			\item S
                olicita informações sobre a requisição para o cliente <./to
_be/01_atendimento_de_requisicao.png>] [19pdfTeX warning (ext4): destination wi
th the same identifier (name{figure.11}) has been already used, duplicate ignor
ed

\AtBegShi@Output ...ipout \box \AtBeginShipoutBox 
                                                  \fi \fi 
l.166 \clearpage
                 <./to_be/02_atendimento_tecnico.png>]
<to_be/03_atendimento_de_erro.png, id=398, 1381.16pt x 466.74374pt>
File: to_be/03_atendimento_de_erro.png Graphic file (type png)

<use to_be/03_atendimento_de_erro.png>
Package pdftex.def Info: to_be/03_atendimento_de_erro.png used on input line 17
2.
(pdftex.def)             Requested size: 426.79134pt x 144.22614pt.

Overfull \hbox (66.79134pt too wide) in paragraph at lines 172--174
 [][] 
 []

<to_be/04_atendimento_de_melhoria.png, id=399, 1304.875pt x 329.23pt>
File: to_be/04_atendimento_de_melhoria.png Graphic file (type png)

<use to_be/04_atendimento_de_melhoria.png>
Package pdftex.def Info: to_be/04_atendimento_de_melhoria.png used on input lin
e 216.
(pdftex.def)             Requested size: 426.79134pt x 107.68169pt.

Overfull \hbox (66.79134pt too wide) in paragraph at lines 216--218
 [][] 
 []


LaTeX Warning: `!h' float specifier changed to `!ht'.

[20

pdfTeX warning (ext4): destination with the same identifier (name{figure.12}) h
as been already used, duplicate ignored

\AtBegShi@Output ...ipout \box \AtBeginShipoutBox 
                                                  \fi \fi 
l.231 			\item A
                dicionar na base de conhecimento <./to_be/03_atendimento_de_err
o.png>]) (./Trabalho_Modelagem.bbl [21pdfTeX warning (ext4): destination with t
he same identifier (name{figure.13}) has been already used, duplicate ignored

\AtBegShi@Output ...ipout \box \AtBeginShipoutBox 
                                                  \fi \fi 
l.8 \bibitem{reaganUsing}
                          <./to_be/04_atendimento_de_melhoria.png>]) [22]
(./comparacao_modelagem.tex
File: as-is/01_atendimento_de_requisicao.png Graphic file (type png)
 <use as-is/01_atendimento_de_requisicao.png>
Package pdftex.def Info: as-is/01_atendimento_de_requisicao.png used on input l
ine 11.
(pdftex.def)             Requested size: 426.79805pt x 170.71756pt.

Overfull \hbox (66.79805pt too wide) in paragraph at lines 11--13
 [][] 
 []

File: to_be/01_atendimento_de_requisicao.png Graphic file (type png)
<use to_be/01_atendimento_de_requisicao.png>
Package pdftex.def Info: to_be/01_atendimento_de_requisicao.png used on input l
ine 19.
(pdftex.def)             Requested size: 455.24828pt x 199.17204pt.

Overfull \hbox (95.24828pt too wide) in paragraph at lines 19--21
 [][] 
 []

[23

pdfTeX warning (ext4): destination with the same identifier (name{figure.14}) h
as been already used, duplicate ignored

\AtBegShi@Output ...ipout \box \AtBeginShipoutBox 
                                                  \fi \fi 
l.23 \clearpage
               pdfTeX warning (ext4): destination with the same identifier (nam
e{figure.15}) has been already used, duplicate ignored

\AtBegShi@Output ...ipout \box \AtBeginShipoutBox 
                                                  \fi \fi 
l.23 \clearpage
               ]
File: as-is/02_atendimento_tecnico.png Graphic file (type png)
 <use as-is/02_atendimento_tecnico.png>
Package pdftex.def Info: as-is/02_atendimento_tecnico.png used on input line 30
.
(pdftex.def)             Requested size: 426.79134pt x 175.42546pt.

Overfull \hbox (66.79134pt too wide) in paragraph at lines 30--32
 [][] 
 []

File: to_be/02_atendimento_tecnico.png Graphic file (type png)
<use to_be/02_atendimento_tecnico.png>
Package pdftex.def Info: to_be/02_atendimento_tecnico.png used on input line 37
.
(pdftex.def)             Requested size: 455.22974pt x 199.17426pt.

Overfull \hbox (95.22974pt too wide) in paragraph at lines 37--39
 [][] 
 []

[24

pdfTeX warning (ext4): destination with the same identifier (name{figure.16}) h
as been already used, duplicate ignored

\AtBegShi@Output ...ipout \box \AtBeginShipoutBox 
                                                  \fi \fi 
l.41 \clearpage
               pdfTeX warning (ext4): destination with the same identifier (nam
e{figure.17}) has been already used, duplicate ignored

\AtBegShi@Output ...ipout \box \AtBeginShipoutBox 
                                                  \fi \fi 
l.41 \clearpage
               ]
File: as-is/03_atendimento_de_erro.png Graphic file (type png)
 <use as-is/03_atendimento_de_erro.png>
Package pdftex.def Info: as-is/03_atendimento_de_erro.png used on input line 47
.
(pdftex.def)             Requested size: 455.24725pt x 199.17345pt.

Overfull \hbox (95.24725pt too wide) in paragraph at lines 47--49
 [][] 
 []

File: to_be/03_atendimento_de_erro.png Graphic file (type png)
<use to_be/03_atendimento_de_erro.png>
Package pdftex.def Info: to_be/03_atendimento_de_erro.png used on input line 55
.
(pdftex.def)             Requested size: 455.23627pt x 199.1718pt.

Overfull \hbox (95.23627pt too wide) in paragraph at lines 55--57
 [][] 
 []

[25

pdfTeX warning (ext4): destination with the same identifier (name{figure.18}) h
as been already used, duplicate ignored

\AtBegShi@Output ...ipout \box \AtBeginShipoutBox 
                                                  \fi \fi 
l.59 \clearpage
               % Flush pagepdfTeX warning (ext4): destination with the same ide
ntifier (name{figure.19}) has been already used, duplicate ignored

\AtBegShi@Output ...ipout \box \AtBeginShipoutBox 
                                                  \fi \fi 
l.59 \clearpage
               % Flush page]
File: as-is/04_atendimento_de_melhoria.png Graphic file (type png)
 <use as-is/04_atendimento_de_melhoria.png>
Package pdftex.def Info: as-is/04_atendimento_de_melhoria.png used on input lin
e 67.
(pdftex.def)             Requested size: 426.79431pt x 199.16895pt.

Overfull \hbox (66.79431pt too wide) in paragraph at lines 67--69
 [][] 
 []

File: to_be/04_atendimento_de_melhoria.png Graphic file (type png)
<use to_be/04_atendimento_de_melhoria.png>
Package pdftex.def Info: to_be/04_atendimento_de_melhoria.png used on input lin
e 74.
(pdftex.def)             Requested size: 426.78722pt x 199.1722pt.

Overfull \hbox (66.78722pt too wide) in paragraph at lines 74--76
 [][] 
 []

) [26

pdfTeX warning (ext4): destination with the same identifier (name{figure.20}) h
as been already used, duplicate ignored

\AtBegShi@Output ...ipout \box \AtBeginShipoutBox 
                                                  \fi \fi 
l.64 \clearpage
               pdfTeX warning (ext4): destination with the same identifier (nam
e{figure.21}) has been already used, duplicate ignored

\AtBegShi@Output ...ipout \box \AtBeginShipoutBox 
                                                  \fi \fi 
l.64 \clearpage
               ] (./pesquisa_cliente.tex
Overfull \hbox (15.64859pt too wide) in paragraph at lines 20--29
 [][] 
 []


Overfull \hbox (15.64859pt too wide) in paragraph at lines 63--71
 [][] 
 []

)
Package atveryend Info: Empty hook `BeforeClearDocument' on input line 69.
 [27

pdfTeX warning (ext4): destination with the same identifier (name{table.2}) has
 been already used, duplicate ignored

\AtBegShi@Output ...ipout \box \AtBeginShipoutBox 
                                                  \fi \fi 
l.69 \end{document}
                   pdfTeX warning (ext4): destination with the same identifier 
(name{table.3}) has been already used, duplicate ignored

\AtBegShi@Output ...ipout \box \AtBeginShipoutBox 
                                                  \fi \fi 
l.69 \end{document}
                   pdfTeX warning (ext4): destination with the same identifier 
(name{table.4}) has been already used, duplicate ignored

\AtBegShi@Output ...ipout \box \AtBeginShipoutBox 
                                                  \fi \fi 
l.69 \end{document}
                   ]
Package atveryend Info: Empty hook `AfterLastShipout' on input line 69.
 (./Trabalho_Modelagem.aux)
Package atveryend Info: Executing hook `AtVeryEndDocument' on input line 69.
Package atveryend Info: Executing hook `AtEndAfterFileList' on input line 69.
Package rerunfilecheck Info: File `Trabalho_Modelagem.out' has not changed.
(rerunfilecheck)             Checksum: 6FC349F5C9DC253AE71D2BAAD74CFE3A;3449.


LaTeX Warning: There were multiply-defined labels.

Package atveryend Info: Empty hook `AtVeryVeryEnd' on input line 69.
 ) 
Here is how much of TeX's memory you used:
 7941 strings out of 494953
 115385 string characters out of 6180976
 304910 words of memory out of 5000000
 10960 multiletter control sequences out of 15000+600000
 15966 words of font info for 36 fonts, out of 8000000 for 9000
 14 hyphenation exceptions out of 8191
 41i,18n,37p,735b,532s stack positions out of 5000i,500n,10000p,200000b,80000s
 </home/joaohenrique/.texmf-var/fonts/pk/ljfour/jknappen/ec/ecti1095.600pk> <
/home/joaohenrique/.texmf-var/fonts/pk/ljfour/jknappen/ec/ecbx1200.600pk> </hom
e/joaohenrique/.texmf-var/fonts/pk/ljfour/jknappen/ec/ecrm1095.600pk> </home/jo
aohenrique/.texmf-var/fonts/pk/ljfour/jknappen/ec/ecbx1095.600pk> </home/joaohe
nrique/.texmf-var/fonts/pk/ljfour/jknappen/ec/ecbx1440.600pk> </home/joaohenriq
ue/.texmf-var/fonts/pk/ljfour/jknappen/ec/ecrm1200.600pk> </home/joaohenrique/.
texmf-var/fonts/pk/ljfour/jknappen/ec/ecti1440.600pk> </home/joaohenrique/.texm
f-var/fonts/pk/ljfour/jknappen/ec/ecbx2074.600pk> </home/joaohenrique/.texmf-va
r/fonts/pk/ljfour/jknappen/ec/eccc1440.600pk> </home/joaohenrique/.texmf-var/fo
nts/pk/ljfour/jknappen/ec/eccc1728.600pk></usr/share/texlive/texmf-dist/fonts/t
ype1/public/amsfonts/cm/cmsy10.pfb>
Output written on Trabalho_Modelagem.pdf (28 pages, 776512 bytes).
PDF statistics:
 866 PDF objects out of 1000 (max. 8388607)
 449 compressed objects within 5 object streams
 110 named destinations out of 1000 (max. 500000)
 418 words of extra memory for PDF output out of 10000 (max. 10000000)

