\BOOKMARK [1][-]{section.1}{Informa\347\365es de contexto}{}% 1
\BOOKMARK [2][-]{subsection.1.1}{Contexto}{section.1}% 2
\BOOKMARK [2][-]{subsection.1.2}{Defini\347\343o do Problema}{section.1}% 3
\BOOKMARK [2][-]{subsection.1.3}{Objetivos}{section.1}% 4
\BOOKMARK [2][-]{subsection.1.4}{Principais indicadores}{section.1}% 5
\BOOKMARK [2][-]{subsection.1.5}{Envolvidos}{section.1}% 6
\BOOKMARK [1][-]{section.2}{Informa\347\365es Adicionais}{}% 7
\BOOKMARK [2][-]{subsection.2.1}{Motiva\347\343o}{section.2}% 8
\BOOKMARK [3][-]{subsubsection.2.1.1}{Servi\347o de suporte ao usu\341rio}{subsection.2.1}% 9
\BOOKMARK [1][-]{section.3}{Execu\347\343o do Projeto}{}% 10
\BOOKMARK [2][-]{subsection.3.1}{Fase 1 - An\341lise}{section.3}% 11
\BOOKMARK [2][-]{subsection.3.2}{Fase 2 - Otimiza\347\343o}{section.3}% 12
\BOOKMARK [2][-]{subsection.3.3}{Fase 3 - Implanta\347\343o}{section.3}% 13
\BOOKMARK [2][-]{subsection.3.4}{Fase 4 - Valida\347\343o}{section.3}% 14
\BOOKMARK [1][-]{section.4}{Modelo AS-IS}{}% 15
\BOOKMARK [2][-]{subsection.4.1}{Modelos dos processos}{section.4}% 16
\BOOKMARK [3][-]{subsubsection.4.1.1}{Ger\352ncia de requisi\347\343o}{subsection.4.1}% 17
\BOOKMARK [3][-]{subsubsection.4.1.2}{Atendimento t\351cnico}{subsection.4.1}% 18
\BOOKMARK [3][-]{subsubsection.4.1.3}{Atendimento para erro no sistema}{subsection.4.1}% 19
\BOOKMARK [3][-]{subsubsection.4.1.4}{Atendimento de Opini\343o/Melhoria}{subsection.4.1}% 20
\BOOKMARK [2][-]{subsection.4.2}{Conclus\343o e an\341lise}{section.4}% 21
\BOOKMARK [1][-]{section.5}{Padr\365es e Normas}{}% 22
\BOOKMARK [2][-]{subsection.5.1}{ITIL}{section.5}% 23
\BOOKMARK [3][-]{subsubsection.5.1.1}{Opera\347\343o de Servi\347o}{subsection.5.1}% 24
\BOOKMARK [4][-]{paragraph.5.1.1.1}{Processos}{subsubsection.5.1.1}% 25
\BOOKMARK [5][-]{subparagraph.5.1.1.1.1}{Gerenciamento de eventos}{paragraph.5.1.1.1}% 26
\BOOKMARK [5][-]{subparagraph.5.1.1.1.2}{Gerenciamento de incidentes}{paragraph.5.1.1.1}% 27
\BOOKMARK [5][-]{subparagraph.5.1.1.1.3}{Gerenciamento de Problema}{paragraph.5.1.1.1}% 28
\BOOKMARK [5][-]{subparagraph.5.1.1.1.4}{Gerenciamento de acesso}{paragraph.5.1.1.1}% 29
\BOOKMARK [5][-]{subparagraph.5.1.1.1.5}{Execu\347\343o de requisi\347\343o}{paragraph.5.1.1.1}% 30
\BOOKMARK [1][-]{section.6}{ Melhoria de processo \(TO - BE\)}{}% 31
\BOOKMARK [2][-]{subsection.6.1}{Propostas de modelagem}{section.6}% 32
\BOOKMARK [3][-]{subsubsection.6.1.1}{Atendimento de requisi\347\343o }{subsection.6.1}% 33
\BOOKMARK [3][-]{subsubsection.6.1.2}{Atendimento t\351cnico}{subsection.6.1}% 34
\BOOKMARK [3][-]{subsubsection.6.1.3}{Atendimento para erro no sistema}{subsection.6.1}% 35
