\BOOKMARK [1][-]{section.1}{Informa\347\365es Adicionais}{}% 1
\BOOKMARK [2][-]{subsection.1.1}{Motiva\347\343o}{section.1}% 2
\BOOKMARK [3][-]{subsubsection.1.1.1}{Servi\347o de suporte ao usu\341rio}{subsection.1.1}% 3
\BOOKMARK [1][-]{section.2}{Execu\347\343o do Projeto}{}% 4
\BOOKMARK [1][-]{section.3}{Modelo AS-IS}{}% 5
\BOOKMARK [2][-]{subsection.3.1}{Contexto}{section.3}% 6
\BOOKMARK [2][-]{subsection.3.2}{Objetivos}{section.3}% 7
\BOOKMARK [2][-]{subsection.3.3}{Principais indicadores}{section.3}% 8
\BOOKMARK [2][-]{subsection.3.4}{Time do projeto}{section.3}% 9
\BOOKMARK [2][-]{subsection.3.5}{Modelos dos processos}{section.3}% 10
\BOOKMARK [3][-]{subsubsection.3.5.1}{Ger\352ncia de requisi\347\343o}{subsection.3.5}% 11
\BOOKMARK [3][-]{subsubsection.3.5.2}{Atendimento t\351cnico}{subsection.3.5}% 12
\BOOKMARK [3][-]{subsubsection.3.5.3}{Atendimento para erro no sistema}{subsection.3.5}% 13
\BOOKMARK [3][-]{subsubsection.3.5.4}{Atendimento de Opini\343o/Melhoria}{subsection.3.5}% 14
\BOOKMARK [2][-]{subsection.3.6}{Conclus\343o e an\341lise}{section.3}% 15
\BOOKMARK [1][-]{section.4}{Padr\365es e Normas}{}% 16
\BOOKMARK [2][-]{subsection.4.1}{ITIL}{section.4}% 17
\BOOKMARK [3][-]{subsubsection.4.1.1}{Opera\347\343o de Servi\347o}{subsection.4.1}% 18
\BOOKMARK [4][-]{paragraph.4.1.1.1}{Processos}{subsubsection.4.1.1}% 19
\BOOKMARK [5][-]{subparagraph.4.1.1.1.1}{Gerenciamento de eventos}{paragraph.4.1.1.1}% 20
\BOOKMARK [5][-]{subparagraph.4.1.1.1.2}{Gerenciamento de incidentes}{paragraph.4.1.1.1}% 21
\BOOKMARK [5][-]{subparagraph.4.1.1.1.3}{Gerenciamento de Problema}{paragraph.4.1.1.1}% 22
\BOOKMARK [5][-]{subparagraph.4.1.1.1.4}{Gerenciamento de acesso}{paragraph.4.1.1.1}% 23
\BOOKMARK [5][-]{subparagraph.4.1.1.1.5}{Execu\347\343o de requisi\347\343o}{paragraph.4.1.1.1}% 24
\BOOKMARK [1][-]{section.5}{ Melhoria de processo \(TO - BE\)}{}% 25
